<?xml version="1.0" encoding="UTF-8"?>
<!-- Generated by org.testng.reporters.JUnitXMLReporter -->
<testsuite ignored="2" hostname="DESKTOP-43VTGMP" failures="0" tests="12" name="firefox" time="7.082" errors="0" timestamp="2021-06-30T20:28:19 IST">
  <testcase classname="com.pom.classes.TestClass1" name="@BeforeMethod beforeMethod" time="0.05">
    <failure type="org.openqa.selenium.NoSuchElementException" message="no such element: Unable to locate element: {&amp;quot;method&amp;quot;:&amp;quot;xpath&amp;quot;,&amp;quot;selector&amp;quot;:&amp;quot;//input[@name=&amp;apos;uid&amp;apos;]&amp;quot;}
  (Session info: chrome=91.0.4472.114)
For documentation on this error, please visit: https://www.seleniumhq.org/exceptions/no_such_element.html
Build info: version: &amp;apos;3.141.59&amp;apos;, revision: &amp;apos;e82be7d358&amp;apos;, time: &amp;apos;2018-11-14T08:17:03&amp;apos;
System info: host: &amp;apos;DESKTOP-43VTGMP&amp;apos;, ip: &amp;apos;192.168.43.155&amp;apos;, os.name: &amp;apos;Windows 10&amp;apos;, os.arch: &amp;apos;amd64&amp;apos;, os.version: &amp;apos;10.0&amp;apos;, java.version: &amp;apos;15.0.2&amp;apos;
Driver info: org.openqa.selenium.chrome.ChromeDriver
Capabilities {acceptInsecureCerts: false, browserName: chrome, browserVersion: 91.0.4472.114, chrome: {chromedriverVersion: 90.0.4430.24 (4c6d850f087da..., userDataDir: C:\Users\csp\AppData\Local\...}, goog:chromeOptions: {debuggerAddress: localhost:57612}, javascriptEnabled: true, networkConnectionEnabled: false, pageLoadStrategy: normal, platform: WINDOWS, platformName: WINDOWS, proxy: Proxy(), setWindowRect: true, strictFileInteractability: false, timeouts: {implicit: 0, pageLoad: 300000, script: 30000}, unhandledPromptBehavior: dismiss and notify, webauthn:extension:largeBlob: true, webauthn:virtualAuthenticators: true}
Session ID: ff8d8fc309af30dbb18b19c361d09e3c
*** Element info: {Using=xpath, value=//input[@name=&amp;apos;uid&amp;apos;]}">
      <![CDATA[org.openqa.selenium.NoSuchElementException: no such element: Unable to locate element: {"method":"xpath","selector":"//input[@name='uid']"}
  (Session info: chrome=91.0.4472.114)
For documentation on this error, please visit: https://www.seleniumhq.org/exceptions/no_such_element.html
Build info: version: '3.141.59', revision: 'e82be7d358', time: '2018-11-14T08:17:03'
System info: host: 'DESKTOP-43VTGMP', ip: '192.168.43.155', os.name: 'Windows 10', os.arch: 'amd64', os.version: '10.0', java.version: '15.0.2'
Driver info: org.openqa.selenium.chrome.ChromeDriver
Capabilities {acceptInsecureCerts: false, browserName: chrome, browserVersion: 91.0.4472.114, chrome: {chromedriverVersion: 90.0.4430.24 (4c6d850f087da..., userDataDir: C:\Users\csp\AppData\Local\...}, goog:chromeOptions: {debuggerAddress: localhost:57612}, javascriptEnabled: true, networkConnectionEnabled: false, pageLoadStrategy: normal, platform: WINDOWS, platformName: WINDOWS, proxy: Proxy(), setWindowRect: true, strictFileInteractability: false, timeouts: {implicit: 0, pageLoad: 300000, script: 30000}, unhandledPromptBehavior: dismiss and notify, webauthn:extension:largeBlob: true, webauthn:virtualAuthenticators: true}
Session ID: ff8d8fc309af30dbb18b19c361d09e3c
*** Element info: {Using=xpath, value=//input[@name='uid']}
at org.openqa.selenium.remote.http.W3CHttpResponseCodec.createException(W3CHttpResponseCodec.java:187)
at org.openqa.selenium.remote.http.W3CHttpResponseCodec.decode(W3CHttpResponseCodec.java:122)
at org.openqa.selenium.remote.http.W3CHttpResponseCodec.decode(W3CHttpResponseCodec.java:49)
at org.openqa.selenium.remote.HttpCommandExecutor.execute(HttpCommandExecutor.java:158)
at org.openqa.selenium.remote.service.DriverCommandExecutor.execute(DriverCommandExecutor.java:83)
at org.openqa.selenium.remote.RemoteWebDriver.execute(RemoteWebDriver.java:552)
at org.openqa.selenium.remote.RemoteWebDriver.findElement(RemoteWebDriver.java:323)
at org.openqa.selenium.remote.RemoteWebDriver.findElementByXPath(RemoteWebDriver.java:428)
at org.openqa.selenium.By$ByXPath.findElement(By.java:353)
at org.openqa.selenium.remote.RemoteWebDriver.findElement(RemoteWebDriver.java:315)
at org.openqa.selenium.support.pagefactory.DefaultElementLocator.findElement(DefaultElementLocator.java:69)
at org.openqa.selenium.support.pagefactory.internal.LocatingElementHandler.invoke(LocatingElementHandler.java:38)
at com.sun.proxy.$Proxy16.sendKeys(Unknown Source)
at com.pom.classes.LoginPage.sendUserName(LoginPage.java:34)
at com.pom.classes.TestClass1.beforeMethod(TestClass1.java:36)
at java.base/java.util.ArrayList.forEach(ArrayList.java:1511)
... Removed 36 stack frames]]>
    </failure>
  </testcase> <!-- @BeforeMethod beforeMethod -->
  <testcase classname="com.pom.classes.TestClass1" name="@AfterMethod afterMethod" time="-1.625065098826E9">
    <skipped/>
  </testcase> <!-- @AfterMethod afterMethod -->
  <testcase classname="com.pom.classes.TestClass1" name="@BeforeMethod beforeMethod" time="-1.62506509883E9">
    <skipped/>
  </testcase> <!-- @BeforeMethod beforeMethod -->
  <testcase classname="com.pom.classes.TestClass1" name="@AfterMethod afterMethod" time="-1.625065098838E9">
    <skipped/>
  </testcase> <!-- @AfterMethod afterMethod -->
  <testcase classname="com.pom.classes.TestClass1" name="@BeforeMethod beforeMethod" time="-1.625065098848E9">
    <skipped/>
  </testcase> <!-- @BeforeMethod beforeMethod -->
  <testcase classname="com.pom.classes.TestClass1" name="@AfterMethod afterMethod" time="-1.625065098858E9">
    <skipped/>
  </testcase> <!-- @AfterMethod afterMethod -->
  <testcase classname="com.pom.classes.TestClass1" name="@BeforeMethod beforeMethod" time="-1.625065098871E9">
    <skipped/>
  </testcase> <!-- @BeforeMethod beforeMethod -->
  <testcase classname="com.pom.classes.TestClass1" name="@AfterMethod afterMethod" time="-1.625065098887E9">
    <skipped/>
  </testcase> <!-- @AfterMethod afterMethod -->
  <testcase classname="com.pom.classes.TestClass1" name="@AfterClass afterClass" time="-1.625065098894E9">
    <skipped/>
  </testcase> <!-- @AfterClass afterClass -->
  <testcase classname="com.pom.classes.TestClass1" name="verifyDeleteAccountLink" time="0.0">
    <skipped/>
  </testcase> <!-- verifyDeleteAccountLink -->
  <testcase classname="com.pom.classes.TestClass1" name="verifyDeleteCustomerLink" time="0.0">
    <skipped/>
  </testcase> <!-- verifyDeleteCustomerLink -->
  <testcase classname="com.pom.classes.TestClass1" name="verifyNewAccountLink" time="0.0">
    <skipped/>
  </testcase> <!-- verifyNewAccountLink -->
  <testcase classname="com.pom.classes.TestClass1" name="verifyNewCustomerLink" time="0.0">
    <skipped/>
  </testcase> <!-- verifyNewCustomerLink -->
  <testcase classname="com.pom.classes.TestClass2" name="test3" time="0.017"/>
  <testcase classname="com.pom.classes.TestClass2" name="test3" time="0.029"/>
  <testcase classname="com.pom.classes.TestClass2" name="test3" time="0.004"/>
  <testcase classname="com.pom.classes.TestClass2" name="test1" time="0.026"/>
  <testcase classname="com.pom.classes.TestClass3" name="test3" time="0.002"/>
  <testcase classname="com.pom.classes.TestClass3" name="test3" time="0.001"/>
  <testcase classname="com.pom.classes.TestClass3" name="test3" time="0.001"/>
  <testcase classname="com.pom.classes.TestClass3" name="test1" time="0.009"/>
  <testcase classname="com.pom.classes.TestClass3" name="test2" time="0.0">
    <ignored/>
  </testcase> <!-- test2 -->
  <testcase classname="com.pom.classes.TestClass2" name="test2" time="0.0">
    <ignored/>
  </testcase> <!-- test2 -->
</testsuite> <!-- firefox -->
